<?xml version="1.0" encoding="UTF-8"?>
<testng-results skipped="0" failed="0" ignored="0" total="2" passed="2">
  <reporter-output>
  </reporter-output>
  <suite name="Surefire suite" duration-ms="36235" started-at="2021-01-05T07:01:53Z" finished-at="2021-01-05T07:02:29Z">
    <groups>
    </groups>
    <test name="Surefire test" duration-ms="36235" started-at="2021-01-05T07:01:53Z" finished-at="2021-01-05T07:02:29Z">
      <class name="testrunner.TestRunner">
        <test-method status="PASS" signature="launchApp()[pri:0, instance:testrunner.TestRunner@3f2a3a5]" name="launchApp" is-config="true" duration-ms="19155" started-at="2021-01-05T07:01:53Z" finished-at="2021-01-05T07:02:12Z">
          <reporter-output>
          </reporter-output>
        </test-method> <!-- launchApp -->
        <test-method status="PASS" signature="pageSetup()[pri:0, instance:testrunner.TestRunner@3f2a3a5]" name="pageSetup" duration-ms="327" started-at="2021-01-05T07:02:12Z" finished-at="2021-01-05T07:02:13Z">
          <reporter-output>
          </reporter-output>
        </test-method> <!-- pageSetup -->
        <test-method status="PASS" signature="navigateToContactPage()[pri:1, instance:testrunner.TestRunner@3f2a3a5]" name="navigateToContactPage" duration-ms="16731" started-at="2021-01-05T07:02:13Z" finished-at="2021-01-05T07:02:29Z">
          <reporter-output>
          </reporter-output>
        </test-method> <!-- navigateToContactPage -->
      </class> <!-- testrunner.TestRunner -->
    </test> <!-- Surefire test -->
  </suite> <!-- Surefire suite -->
</testng-results>
