<?xml version="1.0" encoding="UTF-8"?>
<testng-results skipped="0" failed="0" ignored="0" total="1" passed="1">
  <reporter-output>
  </reporter-output>
  <suite name="Surefire suite" duration-ms="18965" started-at="2021-01-05T06:14:30Z" finished-at="2021-01-05T06:14:49Z">
    <groups>
    </groups>
    <test name="Surefire test" duration-ms="18965" started-at="2021-01-05T06:14:30Z" finished-at="2021-01-05T06:14:49Z">
      <class name="testrunner.TestRunner">
        <test-method status="PASS" signature="launchApp()[pri:0, instance:testrunner.TestRunner@2d554825]" name="launchApp" is-config="true" duration-ms="18917" started-at="2021-01-05T06:14:30Z" finished-at="2021-01-05T06:14:49Z">
          <reporter-output>
          </reporter-output>
        </test-method> <!-- launchApp -->
        <test-method status="PASS" signature="test()[pri:0, instance:testrunner.TestRunner@2d554825]" name="test" duration-ms="26" started-at="2021-01-05T06:14:49Z" finished-at="2021-01-05T06:14:49Z">
          <reporter-output>
          </reporter-output>
        </test-method> <!-- test -->
      </class> <!-- testrunner.TestRunner -->
    </test> <!-- Surefire test -->
  </suite> <!-- Surefire suite -->
</testng-results>
